0 silly input [ 'publish' ]
1 silly flags { _: [ 'publish' ], 'reject-cycles': false, rejectCycles: false }
2 verbose rootPath /Users/zhongbowen/Documents/workspace_frontend_framework/art-core
3 info version 2.11.0
4 silly isInitialized
5 silly isInitialized true
6 silly existsSync /Users/zhongbowen/Documents/workspace_frontend_framework/art-core/VERSION
7 info versioning independent
8 silly initialize attempt
9 silly isDetachedHead
10 silly getCurrentBranch
11 verbose getCurrentBranch master
12 verbose isDetachedHead false
13 silly getCurrentBranch
14 verbose getCurrentBranch master
15 silly getUpdates
16 info Checking for updated packages...
17 silly hasTags
18 verbose hasTags false
19 info Comparing with initial commit.
20 verbose updated client-react
21 info Checking for prereleased packages...
22 silly collectDependents
23 silly isPackageDependentOf client-react client-react
24 silly collectUpdates
25 verbose has filtered update client-react
26 silly initialize success
27 silly execute attempt
28 silly runScriptSync preversion undefined
29 silly runScriptSync preversion client-react
30 silly runScriptSync version client-react
31 silly runScriptSync version undefined
32 silly addFile /Users/zhongbowen/Documents/workspace_frontend_framework/art-core/packages/client/package.json
33 silly commit Publish
33 silly commit
33 silly commit  - client-react@0.0.1
34 verbose commit [ 'commit',
34 verbose commit   '--no-verify',
34 verbose commit   '-F',
34 verbose commit   '/private/var/folders/wm/hj9w5zxx5sv4t9ll5qzwbndm0000gn/T/3436d29f-6091-46fa-a134-c0abbf60e0b2/lerna-commit.txt' ]
35 silly addTag client-react@0.0.1
36 silly runScriptSync postversion client-react
37 silly runScriptSync postversion undefined
38 info publish Publishing packages to npm...
39 silly existsSync /Users/zhongbowen/Documents/workspace_frontend_framework/art-core/packages/client/scripts/prepublish.js
40 verbose execScript No prepublish script found at /Users/zhongbowen/Documents/workspace_frontend_framework/art-core/packages/client/scripts/prepublish.js
41 verbose publishing client-react
42 silly publishTaggedInDir latest client
43 silly getExecOpts { cwd: '/Users/zhongbowen/Documents/workspace_frontend_framework/art-core/packages/client' }
44 error publish Retrying failed publish: client-react
45 verbose publish error undefined
46 verbose publishing client-react
47 silly publishTaggedInDir latest client
48 silly getExecOpts { cwd: '/Users/zhongbowen/Documents/workspace_frontend_framework/art-core/packages/client' }
49 error publish Retrying failed publish: client-react
50 verbose publish error undefined
51 verbose publishing client-react
52 silly publishTaggedInDir latest client
53 silly getExecOpts { cwd: '/Users/zhongbowen/Documents/workspace_frontend_framework/art-core/packages/client' }
54 error publish Retrying failed publish: client-react
55 verbose publish error undefined
56 verbose publishing client-react
57 silly publishTaggedInDir latest client
58 silly getExecOpts { cwd: '/Users/zhongbowen/Documents/workspace_frontend_framework/art-core/packages/client' }
59 error publish Retrying failed publish: client-react
60 verbose publish error undefined
61 verbose publishing client-react
62 silly publishTaggedInDir latest client
63 silly getExecOpts { cwd: '/Users/zhongbowen/Documents/workspace_frontend_framework/art-core/packages/client' }
64 error publish Ran out of retries while publishing client-react Error: Command failed: npm publish --tag latest
64 error publish npm ERR! code ENEEDAUTH
64 error publish npm ERR! need auth auth required for publishing
64 error publish npm ERR! need auth You need to authorize this machine using `npm adduser`
64 error publish
64 error publish npm ERR! A complete log of this run can be found in:
64 error publish npm ERR!     /Users/zhongbowen/.npm/_logs/2018-06-05T02_48_56_649Z-debug.log
64 error publish
64 error publish     at Promise.all.then.arr (/Users/zhongbowen/.config/yarn/global/node_modules/lerna/node_modules/execa/index.js:236:11)
64 error publish     at <anonymous>
64 error publish     at process._tickCallback (internal/process/next_tick.js:188:7)
65 error execute callback with error
66 error Error: Command failed: npm publish --tag latest
66 error npm ERR! code ENEEDAUTH
66 error npm ERR! need auth auth required for publishing
66 error npm ERR! need auth You need to authorize this machine using `npm adduser`
66 error
66 error npm ERR! A complete log of this run can be found in:
66 error npm ERR!     /Users/zhongbowen/.npm/_logs/2018-06-05T02_48_56_649Z-debug.log
66 error
66 error     at Promise.all.then.arr (/Users/zhongbowen/.config/yarn/global/node_modules/lerna/node_modules/execa/index.js:236:11)
66 error     at <anonymous>
